[0.513s] Invoking command in '/home/schaefm2/ros2_ws/src/lab2': PS1=<ROS2-Jazzy>[\u@\h \W]$ PYTHONPATH=/home/schaefm2/ros2_ws/src/lab2/build/lab2/prefix_override:/usr/lib/python3/dist-packages/colcon_core/task/python/colcon_distutils_commands:/home/schaefm2/ros2_ws/src/lab2/install/lab2/lib/python3.12/site-packages:${PYTHONPATH} /usr/bin/python3 -W ignore:setup.py install is deprecated -W ignore:easy_install command is deprecated setup.py egg_info --egg-base build/lab2 build --build-base /home/schaefm2/ros2_ws/src/lab2/build/lab2/build install --record /home/schaefm2/ros2_ws/src/lab2/build/lab2/install.log --single-version-externally-managed install_data
[0.644s] running egg_info
[0.658s] writing build/lab2/lab2.egg-info/PKG-INFO
[0.661s] writing dependency_links to build/lab2/lab2.egg-info/dependency_links.txt
[0.663s] writing entry points to build/lab2/lab2.egg-info/entry_points.txt
[0.666s] writing requirements to build/lab2/lab2.egg-info/requires.txt
[0.668s] writing top-level names to build/lab2/lab2.egg-info/top_level.txt
[0.707s] reading manifest file 'build/lab2/lab2.egg-info/SOURCES.txt'
[0.708s] adding license file 'LICENSE'
[0.709s] writing manifest file 'build/lab2/lab2.egg-info/SOURCES.txt'
[0.711s] running build
[0.711s] running build_py
[0.712s] copying lab2/follow_wall.py -> /home/schaefm2/ros2_ws/src/lab2/build/lab2/build/lib/lab2
[0.717s] running install
[0.722s] running install_lib
[0.734s] copying /home/schaefm2/ros2_ws/src/lab2/build/lab2/build/lib/lab2/follow_wall.py -> /home/schaefm2/ros2_ws/src/lab2/install/lab2/lib/python3.12/site-packages/lab2
[0.739s] byte-compiling /home/schaefm2/ros2_ws/src/lab2/install/lab2/lib/python3.12/site-packages/lab2/follow_wall.py to follow_wall.cpython-312.pyc
[0.743s] running install_data
[0.743s] running install_egg_info
[0.759s] removing '/home/schaefm2/ros2_ws/src/lab2/install/lab2/lib/python3.12/site-packages/lab2-0.0.0-py3.12.egg-info' (and everything under it)
[0.766s] Copying build/lab2/lab2.egg-info to /home/schaefm2/ros2_ws/src/lab2/install/lab2/lib/python3.12/site-packages/lab2-0.0.0-py3.12.egg-info
[0.800s] running install_scripts
[0.987s] Installing driver script to /home/schaefm2/ros2_ws/src/lab2/install/lab2/lib/lab2
[0.990s] writing list of installed files to '/home/schaefm2/ros2_ws/src/lab2/build/lab2/install.log'
[1.005s] Invoked command in '/home/schaefm2/ros2_ws/src/lab2' returned '0': PS1=<ROS2-Jazzy>[\u@\h \W]$ PYTHONPATH=/home/schaefm2/ros2_ws/src/lab2/build/lab2/prefix_override:/usr/lib/python3/dist-packages/colcon_core/task/python/colcon_distutils_commands:/home/schaefm2/ros2_ws/src/lab2/install/lab2/lib/python3.12/site-packages:${PYTHONPATH} /usr/bin/python3 -W ignore:setup.py install is deprecated -W ignore:easy_install command is deprecated setup.py egg_info --egg-base build/lab2 build --build-base /home/schaefm2/ros2_ws/src/lab2/build/lab2/build install --record /home/schaefm2/ros2_ws/src/lab2/build/lab2/install.log --single-version-externally-managed install_data
