[0.513s] Invoking command in '/home/schaefm2/ros2_ws/src/lab2': PS1=<ROS2-Jazzy>[\u@\h \W]$ PYTHONPATH=/home/schaefm2/ros2_ws/src/lab2/build/lab2/prefix_override:/usr/lib/python3/dist-packages/colcon_core/task/python/colcon_distutils_commands:/home/schaefm2/ros2_ws/src/lab2/install/lab2/lib/python3.12/site-packages:${PYTHONPATH} /usr/bin/python3 -W ignore:setup.py install is deprecated -W ignore:easy_install command is deprecated setup.py egg_info --egg-base build/lab2 build --build-base /home/schaefm2/ros2_ws/src/lab2/build/lab2/build install --record /home/schaefm2/ros2_ws/src/lab2/build/lab2/install.log --single-version-externally-managed install_data
[0.654s] running egg_info
[0.668s] writing build/lab2/lab2.egg-info/PKG-INFO
[0.670s] writing dependency_links to build/lab2/lab2.egg-info/dependency_links.txt
[0.672s] writing entry points to build/lab2/lab2.egg-info/entry_points.txt
[0.674s] writing requirements to build/lab2/lab2.egg-info/requires.txt
[0.676s] writing top-level names to build/lab2/lab2.egg-info/top_level.txt
[0.728s] reading manifest file 'build/lab2/lab2.egg-info/SOURCES.txt'
[0.730s] adding license file 'LICENSE'
[0.731s] writing manifest file 'build/lab2/lab2.egg-info/SOURCES.txt'
[0.733s] running build
[0.733s] running build_py
[0.734s] copying lab2/follow_wall.py -> /home/schaefm2/ros2_ws/src/lab2/build/lab2/build/lib/lab2
[0.738s] running install
[0.747s] running install_lib
[0.759s] copying /home/schaefm2/ros2_ws/src/lab2/build/lab2/build/lib/lab2/follow_wall.py -> /home/schaefm2/ros2_ws/src/lab2/install/lab2/lib/python3.12/site-packages/lab2
[0.762s] byte-compiling /home/schaefm2/ros2_ws/src/lab2/install/lab2/lib/python3.12/site-packages/lab2/follow_wall.py to follow_wall.cpython-312.pyc
[0.766s] running install_data
[0.766s] running install_egg_info
[0.776s] removing '/home/schaefm2/ros2_ws/src/lab2/install/lab2/lib/python3.12/site-packages/lab2-0.0.0-py3.12.egg-info' (and everything under it)
[0.781s] Copying build/lab2/lab2.egg-info to /home/schaefm2/ros2_ws/src/lab2/install/lab2/lib/python3.12/site-packages/lab2-0.0.0-py3.12.egg-info
[0.806s] running install_scripts
[0.999s] Installing driver script to /home/schaefm2/ros2_ws/src/lab2/install/lab2/lib/lab2
[1.001s] writing list of installed files to '/home/schaefm2/ros2_ws/src/lab2/build/lab2/install.log'
[1.016s] Invoked command in '/home/schaefm2/ros2_ws/src/lab2' returned '0': PS1=<ROS2-Jazzy>[\u@\h \W]$ PYTHONPATH=/home/schaefm2/ros2_ws/src/lab2/build/lab2/prefix_override:/usr/lib/python3/dist-packages/colcon_core/task/python/colcon_distutils_commands:/home/schaefm2/ros2_ws/src/lab2/install/lab2/lib/python3.12/site-packages:${PYTHONPATH} /usr/bin/python3 -W ignore:setup.py install is deprecated -W ignore:easy_install command is deprecated setup.py egg_info --egg-base build/lab2 build --build-base /home/schaefm2/ros2_ws/src/lab2/build/lab2/build install --record /home/schaefm2/ros2_ws/src/lab2/build/lab2/install.log --single-version-externally-managed install_data
