[0.824s] Invoking command in '/home/schaefm2/ros2_ws/src/lab2': PS1=<ROS2-Jazzy>[\u@\h \W]$ PYTHONPATH=/home/schaefm2/ros2_ws/src/lab2/build/lab2/prefix_override:/usr/lib/python3/dist-packages/colcon_core/task/python/colcon_distutils_commands:/home/schaefm2/ros2_ws/src/lab2/install/lab2/lib/python3.12/site-packages:${PYTHONPATH} /usr/bin/python3 -W ignore:setup.py install is deprecated -W ignore:easy_install command is deprecated setup.py egg_info --egg-base build/lab2 build --build-base /home/schaefm2/ros2_ws/src/lab2/build/lab2/build install --record /home/schaefm2/ros2_ws/src/lab2/build/lab2/install.log --single-version-externally-managed install_data
[0.984s] running egg_info
[0.985s] creating build/lab2/lab2.egg-info
[0.994s] writing build/lab2/lab2.egg-info/PKG-INFO
[0.997s] writing dependency_links to build/lab2/lab2.egg-info/dependency_links.txt
[0.999s] writing entry points to build/lab2/lab2.egg-info/entry_points.txt
[1.001s] writing requirements to build/lab2/lab2.egg-info/requires.txt
[1.002s] writing top-level names to build/lab2/lab2.egg-info/top_level.txt
[1.004s] writing manifest file 'build/lab2/lab2.egg-info/SOURCES.txt'
[1.026s] reading manifest file 'build/lab2/lab2.egg-info/SOURCES.txt'
[1.028s] adding license file 'LICENSE'
[1.028s] writing manifest file 'build/lab2/lab2.egg-info/SOURCES.txt'
[1.029s] running build
[1.029s] running build_py
[1.030s] creating /home/schaefm2/ros2_ws/src/lab2/build/lab2/build
[1.030s] creating /home/schaefm2/ros2_ws/src/lab2/build/lab2/build/lib
[1.031s] creating /home/schaefm2/ros2_ws/src/lab2/build/lab2/build/lib/lab2
[1.033s] copying lab2/follow_wall.py -> /home/schaefm2/ros2_ws/src/lab2/build/lab2/build/lib/lab2
[1.035s] copying lab2/__init__.py -> /home/schaefm2/ros2_ws/src/lab2/build/lab2/build/lib/lab2
[1.038s] running install
[1.043s] running install_lib
[1.067s] creating /home/schaefm2/ros2_ws/src/lab2/install/lab2/lib/python3.12/site-packages/lab2
[1.068s] copying /home/schaefm2/ros2_ws/src/lab2/build/lab2/build/lib/lab2/__init__.py -> /home/schaefm2/ros2_ws/src/lab2/install/lab2/lib/python3.12/site-packages/lab2
[1.071s] copying /home/schaefm2/ros2_ws/src/lab2/build/lab2/build/lib/lab2/follow_wall.py -> /home/schaefm2/ros2_ws/src/lab2/install/lab2/lib/python3.12/site-packages/lab2
[1.077s] byte-compiling /home/schaefm2/ros2_ws/src/lab2/install/lab2/lib/python3.12/site-packages/lab2/__init__.py to __init__.cpython-312.pyc
[1.082s] byte-compiling /home/schaefm2/ros2_ws/src/lab2/install/lab2/lib/python3.12/site-packages/lab2/follow_wall.py to follow_wall.cpython-312.pyc
[1.087s] running install_data
[1.088s] creating /home/schaefm2/ros2_ws/src/lab2/install/lab2/share/ament_index
[1.088s] creating /home/schaefm2/ros2_ws/src/lab2/install/lab2/share/ament_index/resource_index
[1.089s] creating /home/schaefm2/ros2_ws/src/lab2/install/lab2/share/ament_index/resource_index/packages
[1.091s] copying resource/lab2 -> /home/schaefm2/ros2_ws/src/lab2/install/lab2/share/ament_index/resource_index/packages
[1.095s] copying package.xml -> /home/schaefm2/ros2_ws/src/lab2/install/lab2/share/lab2
[1.098s] running install_egg_info
[1.125s] Copying build/lab2/lab2.egg-info to /home/schaefm2/ros2_ws/src/lab2/install/lab2/lib/python3.12/site-packages/lab2-0.0.0-py3.12.egg-info
[1.159s] running install_scripts
[1.308s] Installing driver script to /home/schaefm2/ros2_ws/src/lab2/install/lab2/lib/lab2
[1.311s] writing list of installed files to '/home/schaefm2/ros2_ws/src/lab2/build/lab2/install.log'
[1.329s] Invoked command in '/home/schaefm2/ros2_ws/src/lab2' returned '0': PS1=<ROS2-Jazzy>[\u@\h \W]$ PYTHONPATH=/home/schaefm2/ros2_ws/src/lab2/build/lab2/prefix_override:/usr/lib/python3/dist-packages/colcon_core/task/python/colcon_distutils_commands:/home/schaefm2/ros2_ws/src/lab2/install/lab2/lib/python3.12/site-packages:${PYTHONPATH} /usr/bin/python3 -W ignore:setup.py install is deprecated -W ignore:easy_install command is deprecated setup.py egg_info --egg-base build/lab2 build --build-base /home/schaefm2/ros2_ws/src/lab2/build/lab2/build install --record /home/schaefm2/ros2_ws/src/lab2/build/lab2/install.log --single-version-externally-managed install_data
