[0.528s] Invoking command in '/home/schaefm2/ros2_ws/src/lab2': PS1=<ROS2-Jazzy>[\u@\h \W]$ PYTHONPATH=/home/schaefm2/ros2_ws/src/lab2/build/lab2/prefix_override:/usr/lib/python3/dist-packages/colcon_core/task/python/colcon_distutils_commands:/home/schaefm2/ros2_ws/src/lab2/install/lab2/lib/python3.12/site-packages:${PYTHONPATH} /usr/bin/python3 -W ignore:setup.py install is deprecated -W ignore:easy_install command is deprecated setup.py egg_info --egg-base build/lab2 build --build-base /home/schaefm2/ros2_ws/src/lab2/build/lab2/build install --record /home/schaefm2/ros2_ws/src/lab2/build/lab2/install.log --single-version-externally-managed install_data
[0.661s] running egg_info
[0.673s] writing build/lab2/lab2.egg-info/PKG-INFO
[0.677s] writing dependency_links to build/lab2/lab2.egg-info/dependency_links.txt
[0.681s] writing entry points to build/lab2/lab2.egg-info/entry_points.txt
[0.684s] writing requirements to build/lab2/lab2.egg-info/requires.txt
[0.687s] writing top-level names to build/lab2/lab2.egg-info/top_level.txt
[0.730s] reading manifest file 'build/lab2/lab2.egg-info/SOURCES.txt'
[0.731s] adding license file 'LICENSE'
[0.731s] writing manifest file 'build/lab2/lab2.egg-info/SOURCES.txt'
[0.734s] running build
[0.734s] running build_py
[0.735s] copying lab2/follow_wall.py -> /home/schaefm2/ros2_ws/src/lab2/build/lab2/build/lib/lab2
[0.739s] running install
[0.751s] running install_lib
[0.774s] copying /home/schaefm2/ros2_ws/src/lab2/build/lab2/build/lib/lab2/follow_wall.py -> /home/schaefm2/ros2_ws/src/lab2/install/lab2/lib/python3.12/site-packages/lab2
[0.780s] byte-compiling /home/schaefm2/ros2_ws/src/lab2/install/lab2/lib/python3.12/site-packages/lab2/follow_wall.py to follow_wall.cpython-312.pyc
[0.785s] running install_data
[0.785s] running install_egg_info
[0.807s] removing '/home/schaefm2/ros2_ws/src/lab2/install/lab2/lib/python3.12/site-packages/lab2-0.0.0-py3.12.egg-info' (and everything under it)
[0.815s] Copying build/lab2/lab2.egg-info to /home/schaefm2/ros2_ws/src/lab2/install/lab2/lib/python3.12/site-packages/lab2-0.0.0-py3.12.egg-info
[0.849s] running install_scripts
[1.005s] Installing driver script to /home/schaefm2/ros2_ws/src/lab2/install/lab2/lib/lab2
[1.009s] writing list of installed files to '/home/schaefm2/ros2_ws/src/lab2/build/lab2/install.log'
[1.029s] Invoked command in '/home/schaefm2/ros2_ws/src/lab2' returned '0': PS1=<ROS2-Jazzy>[\u@\h \W]$ PYTHONPATH=/home/schaefm2/ros2_ws/src/lab2/build/lab2/prefix_override:/usr/lib/python3/dist-packages/colcon_core/task/python/colcon_distutils_commands:/home/schaefm2/ros2_ws/src/lab2/install/lab2/lib/python3.12/site-packages:${PYTHONPATH} /usr/bin/python3 -W ignore:setup.py install is deprecated -W ignore:easy_install command is deprecated setup.py egg_info --egg-base build/lab2 build --build-base /home/schaefm2/ros2_ws/src/lab2/build/lab2/build install --record /home/schaefm2/ros2_ws/src/lab2/build/lab2/install.log --single-version-externally-managed install_data
