[0.061s] DEBUG:colcon:Command line arguments: ['/usr/bin/colcon', 'build']
[0.061s] DEBUG:colcon:Parsed command line arguments: Namespace(log_base=None, log_level=None, verb_name='build', build_base='build', install_base='install', merge_install=False, symlink_install=False, test_result_base=None, continue_on_error=False, executor='parallel', parallel_workers=28, event_handlers=None, ignore_user_meta=False, metas=['./colcon.meta'], base_paths=['.'], packages_ignore=None, packages_ignore_regex=None, paths=None, packages_up_to=None, packages_up_to_regex=None, packages_above=None, packages_above_and_dependencies=None, packages_above_depth=None, packages_select_by_dep=None, packages_skip_by_dep=None, packages_skip_up_to=None, packages_select_build_failed=False, packages_skip_build_finished=False, packages_select_test_failures=False, packages_skip_test_passed=False, packages_select=None, packages_skip=None, packages_select_regex=None, packages_skip_regex=None, packages_start=None, packages_end=None, allow_overriding=[], cmake_args=None, cmake_target=None, cmake_target_skip_unavailable=False, cmake_clean_cache=False, cmake_clean_first=False, cmake_force_configure=False, ament_cmake_args=None, catkin_cmake_args=None, catkin_skip_building_tests=False, mixin_files=None, mixin=None, verb_parser=<colcon_mixin.mixin.mixin_argument.MixinArgumentDecorator object at 0x7faeb8e5f0b0>, verb_extension=<colcon_core.verb.build.BuildVerb object at 0x7faeb8ff74a0>, main=<bound method BuildVerb.main of <colcon_core.verb.build.BuildVerb object at 0x7faeb8ff74a0>>, mixin_verb=('build',))
[0.088s] Level 1:colcon.colcon_core.package_discovery:discover_packages(colcon_meta) check parameters
[0.089s] Level 1:colcon.colcon_core.package_discovery:discover_packages(recursive) check parameters
[0.089s] Level 1:colcon.colcon_core.package_discovery:discover_packages(ignore) check parameters
[0.089s] Level 1:colcon.colcon_core.package_discovery:discover_packages(path) check parameters
[0.089s] Level 1:colcon.colcon_core.package_discovery:discover_packages(colcon_meta) discover
[0.089s] Level 1:colcon.colcon_core.package_discovery:discover_packages(recursive) discover
[0.089s] INFO:colcon.colcon_core.package_discovery:Crawling recursively for packages in '/home/schaefm2/ros2_ws/src/lab2'
[0.089s] Level 1:colcon.colcon_core.package_identification:_identify(.) by extensions ['ignore', 'ignore_ament_install']
[0.089s] Level 1:colcon.colcon_core.package_identification:_identify(.) by extension 'ignore'
[0.089s] Level 1:colcon.colcon_core.package_identification:_identify(.) by extension 'ignore_ament_install'
[0.089s] Level 1:colcon.colcon_core.package_identification:_identify(.) by extensions ['colcon_pkg']
[0.089s] Level 1:colcon.colcon_core.package_identification:_identify(.) by extension 'colcon_pkg'
[0.089s] Level 1:colcon.colcon_core.package_identification:_identify(.) by extensions ['colcon_meta']
[0.089s] Level 1:colcon.colcon_core.package_identification:_identify(.) by extension 'colcon_meta'
[0.089s] Level 1:colcon.colcon_core.package_identification:_identify(.) by extensions ['ros']
[0.089s] Level 1:colcon.colcon_core.package_identification:_identify(.) by extension 'ros'
[0.105s] DEBUG:colcon.colcon_core.package_identification:Package '.' with type 'ros.ament_python' and name 'lab2'
[0.105s] Level 1:colcon.colcon_core.package_discovery:discover_packages(recursive) using defaults
[0.105s] Level 1:colcon.colcon_core.package_discovery:discover_packages(ignore) discover
[0.105s] Level 1:colcon.colcon_core.package_discovery:discover_packages(ignore) using defaults
[0.105s] Level 1:colcon.colcon_core.package_discovery:discover_packages(path) discover
[0.105s] Level 1:colcon.colcon_core.package_discovery:discover_packages(path) using defaults
[0.115s] Level 1:colcon.colcon_core.package_discovery:discover_packages(prefix_path) check parameters
[0.115s] Level 1:colcon.colcon_core.package_discovery:discover_packages(prefix_path) discover
[0.121s] DEBUG:colcon.colcon_installed_package_information.package_discovery:Found 1 installed packages in /home/schaefm2/ros2_ws/src/lab2/install
[0.122s] DEBUG:colcon.colcon_installed_package_information.package_discovery:Found 317 installed packages in /opt/ros/jazzy
[0.122s] Level 1:colcon.colcon_core.package_discovery:discover_packages(prefix_path) using defaults
[0.146s] Level 5:colcon.colcon_core.verb:set package 'lab2' build argument 'cmake_args' from command line to 'None'
[0.146s] Level 5:colcon.colcon_core.verb:set package 'lab2' build argument 'cmake_target' from command line to 'None'
[0.146s] Level 5:colcon.colcon_core.verb:set package 'lab2' build argument 'cmake_target_skip_unavailable' from command line to 'False'
[0.146s] Level 5:colcon.colcon_core.verb:set package 'lab2' build argument 'cmake_clean_cache' from command line to 'False'
[0.146s] Level 5:colcon.colcon_core.verb:set package 'lab2' build argument 'cmake_clean_first' from command line to 'False'
[0.146s] Level 5:colcon.colcon_core.verb:set package 'lab2' build argument 'cmake_force_configure' from command line to 'False'
[0.146s] Level 5:colcon.colcon_core.verb:set package 'lab2' build argument 'ament_cmake_args' from command line to 'None'
[0.146s] Level 5:colcon.colcon_core.verb:set package 'lab2' build argument 'catkin_cmake_args' from command line to 'None'
[0.146s] Level 5:colcon.colcon_core.verb:set package 'lab2' build argument 'catkin_skip_building_tests' from command line to 'False'
[0.146s] DEBUG:colcon.colcon_core.verb:Building package 'lab2' with the following arguments: {'ament_cmake_args': None, 'build_base': '/home/schaefm2/ros2_ws/src/lab2/build/lab2', 'catkin_cmake_args': None, 'catkin_skip_building_tests': False, 'cmake_args': None, 'cmake_clean_cache': False, 'cmake_clean_first': False, 'cmake_force_configure': False, 'cmake_target': None, 'cmake_target_skip_unavailable': False, 'install_base': '/home/schaefm2/ros2_ws/src/lab2/install/lab2', 'merge_install': False, 'path': '/home/schaefm2/ros2_ws/src/lab2', 'symlink_install': False, 'test_result_base': None}
[0.146s] INFO:colcon.colcon_core.executor:Executing jobs using 'parallel' executor
[0.147s] DEBUG:colcon.colcon_parallel_executor.executor.parallel:run_until_complete
[0.147s] INFO:colcon.colcon_ros.task.ament_python.build:Building ROS package in '/home/schaefm2/ros2_ws/src/lab2' with build type 'ament_python'
[0.147s] Level 1:colcon.colcon_core.shell:create_environment_hook('lab2', 'ament_prefix_path')
[0.148s] INFO:colcon.colcon_core.plugin_system:Skipping extension 'colcon_core.shell.bat': Not used on non-Windows systems
[0.148s] INFO:colcon.colcon_core.shell:Creating environment hook '/home/schaefm2/ros2_ws/src/lab2/install/lab2/share/lab2/hook/ament_prefix_path.ps1'
[0.151s] INFO:colcon.colcon_core.shell:Creating environment descriptor '/home/schaefm2/ros2_ws/src/lab2/install/lab2/share/lab2/hook/ament_prefix_path.dsv'
[0.154s] INFO:colcon.colcon_core.shell:Creating environment hook '/home/schaefm2/ros2_ws/src/lab2/install/lab2/share/lab2/hook/ament_prefix_path.sh'
[0.156s] INFO:colcon.colcon_core.shell:Skip shell extension 'powershell' for command environment: Not usable outside of PowerShell
[0.156s] DEBUG:colcon.colcon_core.shell:Skip shell extension 'dsv' for command environment
[0.317s] INFO:colcon.colcon_core.task.python.build:Building Python package in '/home/schaefm2/ros2_ws/src/lab2'
[0.317s] INFO:colcon.colcon_core.shell:Skip shell extension 'powershell' for command environment: Not usable outside of PowerShell
[0.317s] DEBUG:colcon.colcon_core.shell:Skip shell extension 'dsv' for command environment
[0.717s] DEBUG:colcon.colcon_core.event_handler.log_command:Invoking command in '/home/schaefm2/ros2_ws/src/lab2': PS1=<ROS2-Jazzy>[\u@\h \W]$ PYTHONPATH=/home/schaefm2/ros2_ws/src/lab2/build/lab2/prefix_override:/usr/lib/python3/dist-packages/colcon_core/task/python/colcon_distutils_commands:/home/schaefm2/ros2_ws/src/lab2/install/lab2/lib/python3.12/site-packages:${PYTHONPATH} /usr/bin/python3 -W ignore:setup.py install is deprecated -W ignore:easy_install command is deprecated setup.py egg_info --egg-base build/lab2 build --build-base /home/schaefm2/ros2_ws/src/lab2/build/lab2/build install --record /home/schaefm2/ros2_ws/src/lab2/build/lab2/install.log --single-version-externally-managed install_data
[1.196s] DEBUG:colcon.colcon_core.event_handler.log_command:Invoked command in '/home/schaefm2/ros2_ws/src/lab2' returned '0': PS1=<ROS2-Jazzy>[\u@\h \W]$ PYTHONPATH=/home/schaefm2/ros2_ws/src/lab2/build/lab2/prefix_override:/usr/lib/python3/dist-packages/colcon_core/task/python/colcon_distutils_commands:/home/schaefm2/ros2_ws/src/lab2/install/lab2/lib/python3.12/site-packages:${PYTHONPATH} /usr/bin/python3 -W ignore:setup.py install is deprecated -W ignore:easy_install command is deprecated setup.py egg_info --egg-base build/lab2 build --build-base /home/schaefm2/ros2_ws/src/lab2/build/lab2/build install --record /home/schaefm2/ros2_ws/src/lab2/build/lab2/install.log --single-version-externally-managed install_data
[1.199s] Level 1:colcon.colcon_core.environment:checking '/home/schaefm2/ros2_ws/src/lab2/install/lab2' for CMake module files
[1.201s] Level 1:colcon.colcon_core.environment:checking '/home/schaefm2/ros2_ws/src/lab2/install/lab2' for CMake config files
[1.207s] Level 1:colcon.colcon_core.environment:checking '/home/schaefm2/ros2_ws/src/lab2/install/lab2/lib'
[1.207s] Level 1:colcon.colcon_core.environment:checking '/home/schaefm2/ros2_ws/src/lab2/install/lab2/bin'
[1.207s] Level 1:colcon.colcon_core.environment:checking '/home/schaefm2/ros2_ws/src/lab2/install/lab2/lib/pkgconfig/lab2.pc'
[1.207s] Level 1:colcon.colcon_core.environment:checking '/home/schaefm2/ros2_ws/src/lab2/install/lab2/lib/python3.12/site-packages'
[1.207s] Level 1:colcon.colcon_core.shell:create_environment_hook('lab2', 'pythonpath')
[1.207s] INFO:colcon.colcon_core.shell:Creating environment hook '/home/schaefm2/ros2_ws/src/lab2/install/lab2/share/lab2/hook/pythonpath.ps1'
[1.210s] INFO:colcon.colcon_core.shell:Creating environment descriptor '/home/schaefm2/ros2_ws/src/lab2/install/lab2/share/lab2/hook/pythonpath.dsv'
[1.213s] INFO:colcon.colcon_core.shell:Creating environment hook '/home/schaefm2/ros2_ws/src/lab2/install/lab2/share/lab2/hook/pythonpath.sh'
[1.215s] Level 1:colcon.colcon_core.environment:checking '/home/schaefm2/ros2_ws/src/lab2/install/lab2/bin'
[1.215s] Level 1:colcon.colcon_core.environment:create_environment_scripts_only(lab2)
[1.215s] INFO:colcon.colcon_core.shell:Creating package script '/home/schaefm2/ros2_ws/src/lab2/install/lab2/share/lab2/package.ps1'
[1.218s] INFO:colcon.colcon_core.shell:Creating package descriptor '/home/schaefm2/ros2_ws/src/lab2/install/lab2/share/lab2/package.dsv'
[1.221s] INFO:colcon.colcon_core.shell:Creating package script '/home/schaefm2/ros2_ws/src/lab2/install/lab2/share/lab2/package.sh'
[1.223s] INFO:colcon.colcon_core.shell:Creating package script '/home/schaefm2/ros2_ws/src/lab2/install/lab2/share/lab2/package.bash'
[1.226s] INFO:colcon.colcon_core.shell:Creating package script '/home/schaefm2/ros2_ws/src/lab2/install/lab2/share/lab2/package.zsh'
[1.228s] Level 1:colcon.colcon_core.environment:create_file_with_runtime_dependencies(/home/schaefm2/ros2_ws/src/lab2/install/lab2/share/colcon-core/packages/lab2)
[1.230s] DEBUG:colcon.colcon_parallel_executor.executor.parallel:closing loop
[1.230s] DEBUG:colcon.colcon_parallel_executor.executor.parallel:loop closed
[1.230s] DEBUG:colcon.colcon_parallel_executor.executor.parallel:run_until_complete finished with '0'
[1.230s] DEBUG:colcon.colcon_core.event_reactor:joining thread
[1.248s] INFO:colcon.colcon_core.plugin_system:Skipping extension 'colcon_notification.desktop_notification.notify_send': Could not find 'notify-send'
[1.248s] INFO:colcon.colcon_core.plugin_system:Skipping extension 'colcon_notification.desktop_notification.terminal_notifier': Not used on non-Darwin systems
[1.248s] INFO:colcon.colcon_core.plugin_system:Skipping extension 'colcon_notification.desktop_notification.win32': Not used on non-Windows systems
[1.248s] INFO:colcon.colcon_notification.desktop_notification:Sending desktop notification using 'notify2'
[1.262s] DEBUG:colcon.colcon_core.event_reactor:joined thread
[1.262s] INFO:colcon.colcon_core.shell:Creating prefix script '/home/schaefm2/ros2_ws/src/lab2/install/local_setup.ps1'
[1.266s] INFO:colcon.colcon_core.shell:Creating prefix util module '/home/schaefm2/ros2_ws/src/lab2/install/_local_setup_util_ps1.py'
[1.270s] INFO:colcon.colcon_core.shell:Creating prefix chain script '/home/schaefm2/ros2_ws/src/lab2/install/setup.ps1'
[1.274s] INFO:colcon.colcon_core.shell:Creating prefix script '/home/schaefm2/ros2_ws/src/lab2/install/local_setup.sh'
[1.277s] INFO:colcon.colcon_core.shell:Creating prefix util module '/home/schaefm2/ros2_ws/src/lab2/install/_local_setup_util_sh.py'
[1.280s] INFO:colcon.colcon_core.shell:Creating prefix chain script '/home/schaefm2/ros2_ws/src/lab2/install/setup.sh'
[1.285s] INFO:colcon.colcon_core.shell:Creating prefix script '/home/schaefm2/ros2_ws/src/lab2/install/local_setup.bash'
[1.288s] INFO:colcon.colcon_core.shell:Creating prefix chain script '/home/schaefm2/ros2_ws/src/lab2/install/setup.bash'
[1.292s] INFO:colcon.colcon_core.shell:Creating prefix script '/home/schaefm2/ros2_ws/src/lab2/install/local_setup.zsh'
[1.295s] INFO:colcon.colcon_core.shell:Creating prefix chain script '/home/schaefm2/ros2_ws/src/lab2/install/setup.zsh'
