[0.542s] Invoking command in '/home/schaefm2/ros2_ws/src/lab2': PS1=<ROS2-Jazzy>[\u@\h \W]$ PYTHONPATH=/home/schaefm2/ros2_ws/src/lab2/build/lab2/prefix_override:/usr/lib/python3/dist-packages/colcon_core/task/python/colcon_distutils_commands:/home/schaefm2/ros2_ws/src/lab2/install/lab2/lib/python3.12/site-packages:${PYTHONPATH} /usr/bin/python3 -W ignore:setup.py install is deprecated -W ignore:easy_install command is deprecated setup.py egg_info --egg-base build/lab2 build --build-base /home/schaefm2/ros2_ws/src/lab2/build/lab2/build install --record /home/schaefm2/ros2_ws/src/lab2/build/lab2/install.log --single-version-externally-managed install_data
[0.673s] running egg_info
[0.687s] writing build/lab2/lab2.egg-info/PKG-INFO
[0.691s] writing dependency_links to build/lab2/lab2.egg-info/dependency_links.txt
[0.694s] writing entry points to build/lab2/lab2.egg-info/entry_points.txt
[0.697s] writing requirements to build/lab2/lab2.egg-info/requires.txt
[0.700s] writing top-level names to build/lab2/lab2.egg-info/top_level.txt
[0.750s] reading manifest file 'build/lab2/lab2.egg-info/SOURCES.txt'
[0.751s] adding license file 'LICENSE'
[0.751s] writing manifest file 'build/lab2/lab2.egg-info/SOURCES.txt'
[0.754s] running build
[0.754s] running build_py
[0.755s] copying lab2/follow_wall.py -> /home/schaefm2/ros2_ws/src/lab2/build/lab2/build/lib/lab2
[0.761s] running install
[0.772s] running install_lib
[0.790s] copying /home/schaefm2/ros2_ws/src/lab2/build/lab2/build/lib/lab2/follow_wall.py -> /home/schaefm2/ros2_ws/src/lab2/install/lab2/lib/python3.12/site-packages/lab2
[0.797s] byte-compiling /home/schaefm2/ros2_ws/src/lab2/install/lab2/lib/python3.12/site-packages/lab2/follow_wall.py to follow_wall.cpython-312.pyc
[0.800s]   File "/home/schaefm2/ros2_ws/src/lab2/install/lab2/lib/python3.12/site-packages/lab2/follow_wall.py", line 103
[0.800s]     if self.regions['front'] < 2.5 and (self.regions['left'] < 2.5 or self.regions['fleft'] < 2.5  :
[0.800s]                                                                                                    ^
[0.800s] SyntaxError: invalid syntax
[0.800s] 
[0.800s] running install_data
[0.800s] running install_egg_info
[0.812s] removing '/home/schaefm2/ros2_ws/src/lab2/install/lab2/lib/python3.12/site-packages/lab2-0.0.0-py3.12.egg-info' (and everything under it)
[0.821s] Copying build/lab2/lab2.egg-info to /home/schaefm2/ros2_ws/src/lab2/install/lab2/lib/python3.12/site-packages/lab2-0.0.0-py3.12.egg-info
[0.860s] running install_scripts
[1.047s] Installing driver script to /home/schaefm2/ros2_ws/src/lab2/install/lab2/lib/lab2
[1.052s] writing list of installed files to '/home/schaefm2/ros2_ws/src/lab2/build/lab2/install.log'
[1.067s] Invoked command in '/home/schaefm2/ros2_ws/src/lab2' returned '0': PS1=<ROS2-Jazzy>[\u@\h \W]$ PYTHONPATH=/home/schaefm2/ros2_ws/src/lab2/build/lab2/prefix_override:/usr/lib/python3/dist-packages/colcon_core/task/python/colcon_distutils_commands:/home/schaefm2/ros2_ws/src/lab2/install/lab2/lib/python3.12/site-packages:${PYTHONPATH} /usr/bin/python3 -W ignore:setup.py install is deprecated -W ignore:easy_install command is deprecated setup.py egg_info --egg-base build/lab2 build --build-base /home/schaefm2/ros2_ws/src/lab2/build/lab2/build install --record /home/schaefm2/ros2_ws/src/lab2/build/lab2/install.log --single-version-externally-managed install_data
